# JRE version: OpenJDK Runtime Environment (11.0.8+10) (build 11.0.8+10-b944.6842174)
# Java VM: OpenJDK 64-Bit Server VM (11.0.8+10-b944.6842174, mixed mode, tiered, compressed oops, g1 gc, windows-amd64)
Heap:
 garbage-first heap   total 955392K, used 188279K [0x0000000080000000, 0x0000000100000000)
  region size 1024K, 3 young (3072K), 3 survivors (3072K)
 Metaspace       used 121109K, capacity 124207K, committed 124284K, reserved 1157120K
  class space    used 15289K, capacity 16383K, committed 16384K, reserved 1048576K
GC Heap History (20 events):
Event: 141.919 GC heap after
{Heap after GC invocations=53 (full 0):
 garbage-first heap   total 181248K, used 146575K [0x0000000080000000, 0x0000000100000000)
  region size 1024K, 1 young (1024K), 1 survivors (1024K)
 Metaspace       used 115138K, capacity 118077K, committed 118140K, reserved 1153024K
  class space    used 14553K, capacity 15581K, committed 15616K, reserved 1048576K
}
Event: 141.940 GC heap before
{Heap before GC invocations=53 (full 0):
 garbage-first heap   total 181248K, used 149647K [0x0000000080000000, 0x0000000100000000)
  region size 1024K, 5 young (5120K), 1 survivors (1024K)
 Metaspace       used 115139K, capacity 118077K, committed 118140K, reserved 1153024K
  class space    used 14553K, capacity 15581K, committed 15616K, reserved 1048576K
}
Event: 141.944 GC heap after
{Heap after GC invocations=54 (full 0):
 garbage-first heap   total 181248K, used 146971K [0x0000000080000000, 0x0000000100000000)
  region size 1024K, 2 young (2048K), 2 survivors (2048K)
 Metaspace       used 115139K, capacity 118077K, committed 118140K, reserved 1153024K
  class space    used 14553K, capacity 15581K, committed 15616K, reserved 1048576K
}
Event: 142.006 GC heap before
{Heap before GC invocations=54 (full 0):
 garbage-first heap   total 181248K, used 157211K [0x0000000080000000, 0x0000000100000000)
  region size 1024K, 10 young (10240K), 2 survivors (2048K)
 Metaspace       used 115241K, capacity 118205K, committed 118396K, reserved 1153024K
  class space    used 14562K, capacity 15581K, committed 15616K, reserved 1048576K
}
Event: 142.012 GC heap after
{Heap after GC invocations=55 (full 0):
 garbage-first heap   total 224256K, used 149121K [0x0000000080000000, 0x0000000100000000)
  region size 1024K, 2 young (2048K), 2 survivors (2048K)
 Metaspace       used 115241K, capacity 118205K, committed 118396K, reserved 1153024K
  class space    used 14562K, capacity 15581K, committed 15616K, reserved 1048576K
}
Event: 142.303 GC heap before
{Heap before GC invocations=56 (full 0):
 garbage-first heap   total 224256K, used 177793K [0x0000000080000000, 0x0000000100000000)
  region size 1024K, 20 young (20480K), 2 survivors (2048K)
 Metaspace       used 116798K, capacity 119810K, committed 119932K, reserved 1153024K
  class space    used 14804K, capacity 15826K, committed 15872K, reserved 1048576K
}
Event: 142.310 GC heap after
{Heap after GC invocations=57 (full 0):
 garbage-first heap   total 224256K, used 156178K [0x0000000080000000, 0x0000000100000000)
  region size 1024K, 3 young (3072K), 3 survivors (3072K)
 Metaspace       used 116798K, capacity 119810K, committed 119932K, reserved 1153024K
  class space    used 14804K, capacity 15826K, committed 15872K, reserved 1048576K
}
Event: 142.726 GC heap before
{Heap before GC invocations=58 (full 0):
 garbage-first heap   total 224256K, used 186898K [0x0000000080000000, 0x0000000100000000)
  region size 1024K, 25 young (25600K), 3 survivors (3072K)
 Metaspace       used 118602K, capacity 121682K, committed 121852K, reserved 1155072K
  class space    used 15105K, capacity 16170K, committed 16256K, reserved 1048576K
}
Event: 142.733 GC heap after
{Heap after GC invocations=59 (full 0):
 garbage-first heap   total 224256K, used 163198K [0x0000000080000000, 0x0000000100000000)
  region size 1024K, 4 young (4096K), 4 survivors (4096K)
 Metaspace       used 118602K, capacity 121682K, committed 121852K, reserved 1155072K
  class space    used 15105K, capacity 16170K, committed 16256K, reserved 1048576K
}
Event: 142.822 GC heap before
{Heap before GC invocations=59 (full 0):
 garbage-first heap   total 224256K, used 183678K [0x0000000080000000, 0x0000000100000000)
  region size 1024K, 25 young (25600K), 4 survivors (4096K)
 Metaspace       used 118823K, capacity 121916K, committed 122108K, reserved 1155072K
  class space    used 15133K, capacity 16180K, committed 16256K, reserved 1048576K
}
Event: 142.830 GC heap after
{Heap after GC invocations=60 (full 0):
 garbage-first heap   total 224256K, used 163665K [0x0000000080000000, 0x0000000100000000)
  region size 1024K, 3 young (3072K), 3 survivors (3072K)
 Metaspace       used 118823K, capacity 121916K, committed 122108K, reserved 1155072K
  class space    used 15133K, capacity 16180K, committed 16256K, reserved 1048576K
}
Event: 142.982 GC heap before
{Heap before GC invocations=60 (full 0):
 garbage-first heap   total 224256K, used 196433K [0x0000000080000000, 0x0000000100000000)
  region size 1024K, 24 young (24576K), 3 survivors (3072K)
 Metaspace       used 118996K, capacity 122055K, committed 122364K, reserved 1155072K
  class space    used 15138K, capacity 16181K, committed 16256K, reserved 1048576K
}
Event: 142.990 GC heap after
{Heap after GC invocations=61 (full 0):
 garbage-first heap   total 318464K, used 172165K [0x0000000080000000, 0x0000000100000000)
  region size 1024K, 3 young (3072K), 3 survivors (3072K)
 Metaspace       used 118996K, capacity 122055K, committed 122364K, reserved 1155072K
  class space    used 15138K, capacity 16181K, committed 16256K, reserved 1048576K
}
Event: 143.338 GC heap before
{Heap before GC invocations=62 (full 0):
 garbage-first heap   total 318464K, used 204933K [0x0000000080000000, 0x0000000100000000)
  region size 1024K, 30 young (30720K), 3 survivors (3072K)
 Metaspace       used 119501K, capacity 122541K, committed 122620K, reserved 1155072K
  class space    used 15176K, capacity 16226K, committed 16256K, reserved 1048576K
}
Event: 143.352 GC heap after
{Heap after GC invocations=63 (full 0):
 garbage-first heap   total 318464K, used 174912K [0x0000000080000000, 0x0000000100000000)
  region size 1024K, 5 young (5120K), 5 survivors (5120K)
 Metaspace       used 119501K, capacity 122541K, committed 122620K, reserved 1155072K
  class space    used 15176K, capacity 16226K, committed 16256K, reserved 1048576K
}
Event: 143.892 GC heap before
{Heap before GC invocations=64 (full 0):
 garbage-first heap   total 318464K, used 226112K [0x0000000080000000, 0x0000000100000000)
  region size 1024K, 45 young (46080K), 5 survivors (5120K)
 Metaspace       used 120034K, capacity 123078K, committed 123260K, reserved 1157120K
  class space    used 15215K, capacity 16295K, committed 16384K, reserved 1048576K
}
Event: 144.178 GC heap after
{Heap after GC invocations=65 (full 0):
 garbage-first heap   total 318464K, used 183022K [0x0000000080000000, 0x0000000100000000)
  region size 1024K, 7 young (7168K), 7 survivors (7168K)
 Metaspace       used 120034K, capacity 123078K, committed 123260K, reserved 1157120K
  class space    used 15215K, capacity 16295K, committed 16384K, reserved 1048576K
}
Event: 145.292 GC heap before
{Heap before GC invocations=66 (full 0):
 garbage-first heap   total 318464K, used 201454K [0x0000000080000000, 0x0000000100000000)
  region size 1024K, 24 young (24576K), 7 survivors (7168K)
 Metaspace       used 120545K, capacity 123646K, committed 123772K, reserved 1157120K
  class space    used 15255K, capacity 16335K, committed 16384K, reserved 1048576K
}
Event: 145.340 GC heap after
{Heap after GC invocations=67 (full 0):
 garbage-first heap   total 318464K, used 187899K [0x0000000080000000, 0x0000000100000000)
  region size 1024K, 6 young (6144K), 6 survivors (6144K)
 Metaspace       used 120545K, capacity 123646K, committed 123772K, reserved 1157120K
  class space    used 15255K, capacity 16335K, committed 16384K, reserved 1048576K
}
Event: 146.629 GC heap before
{Heap before GC invocations=68 (full 0):
 garbage-first heap   total 318464K, used 238075K [0x0000000080000000, 0x0000000100000000)
  region size 1024K, 53 young (54272K), 6 survivors (6144K)
 Metaspace       used 121109K, capacity 124207K, committed 124284K, reserved 1157120K
  class space    used 15289K, capacity 16383K, committed 16384K, reserved 1048576K
}

